<?xml version="1.0" encoding="UTF-8"?>
<testsuite name="test1"
           tests="1"
           failures="1"
           errors="0"
           skipped="0"
           time="9.302">
  <properties />
            <testcase name="test" time="9.302" classname="com.edu.javamail.javamailPicdemo">
                <failure type="java.lang.NullPointerException"
                  message="(null)"
              >
<![CDATA[java.lang.NullPointerException
  javax.mail.internet.MimeUtility.getEncoding(MimeUtility.java:226)
  javax.mail.internet.MimeUtility.getEncoding(MimeUtility.java:299)
  javax.mail.internet.MimeBodyPart.updateHeaders(MimeBodyPart.java:1375)
  javax.mail.internet.MimeBodyPart.updateHeaders(MimeBodyPart.java:1021)
  javax.mail.internet.MimeMultipart.updateHeaders(MimeMultipart.java:419)
  javax.mail.internet.MimeBodyPart.updateHeaders(MimeBodyPart.java:1354)
  javax.mail.internet.MimeBodyPart.updateHeaders(MimeBodyPart.java:1021)
  javax.mail.internet.MimeMultipart.updateHeaders(MimeMultipart.java:419)
  javax.mail.internet.MimeBodyPart.updateHeaders(MimeBodyPart.java:1354)
  javax.mail.internet.MimeMessage.updateHeaders(MimeMessage.java:2107)
  javax.mail.internet.MimeMessage.saveChanges(MimeMessage.java:2075)
  javax.mail.internet.MimeMessage.writeTo(MimeMessage.java:1770)
  com.sun.mail.smtp.SMTPTransport.sendMessage(SMTPTransport.java:1121)
  com.edu.javamail.javamailPicdemo.test(javamailPicdemo.java:54)
  java.base/jdk.internal.reflect.NativeMethodAccessorImpl.invoke0(Native Method)
  java.base/jdk.internal.reflect.NativeMethodAccessorImpl.invoke(NativeMethodAccessorImpl.java:62)
  java.base/jdk.internal.reflect.DelegatingMethodAccessorImpl.invoke(DelegatingMethodAccessorImpl.java:43)
  java.base/java.lang.reflect.Method.invoke(Method.java:564)
  org.testng.internal.MethodInvocationHelper.invokeMethod(MethodInvocationHelper.java:124)
  org.testng.internal.Invoker.invokeMethod(Invoker.java:580)
  org.testng.internal.Invoker.invokeTestMethod(Invoker.java:716)
  org.testng.internal.Invoker.invokeTestMethods(Invoker.java:988)
  org.testng.internal.TestMethodWorker.invokeTestMethods(TestMethodWorker.java:125)
  org.testng.internal.TestMethodWorker.run(TestMethodWorker.java:109)
  org.testng.TestRunner.privateRun(TestRunner.java:648)
  org.testng.TestRunner.run(TestRunner.java:505)
  org.testng.SuiteRunner.runTest(SuiteRunner.java:455)
  org.testng.SuiteRunner.runSequentially(SuiteRunner.java:450)
  org.testng.SuiteRunner.privateRun(SuiteRunner.java:415)
  org.testng.SuiteRunner.run(SuiteRunner.java:364)
  org.testng.SuiteRunnerWorker.runSuite(SuiteRunnerWorker.java:52)
  org.testng.SuiteRunnerWorker.run(SuiteRunnerWorker.java:84)
  org.testng.TestNG.runSuitesSequentially(TestNG.java:1208)
  org.testng.TestNG.runSuitesLocally(TestNG.java:1137)
  org.testng.TestNG.runSuites(TestNG.java:1049)
  org.testng.TestNG.run(TestNG.java:1017)
  org.testng.remote.AbstractRemoteTestNG.run(AbstractRemoteTestNG.java:114)
  org.testng.remote.RemoteTestNG.initAndRun(RemoteTestNG.java:251)
  org.testng.remote.RemoteTestNG.main(RemoteTestNG.java:77)
]]>
      </failure>

          </testcase>
  
  
  
</testsuite>
